{"product_name":"\u039c\u03a0\u0391\u03a7\u0391\u03a1\u0391\u0394\u0399\u039a\u039f \u039a\u03c1\u03b5\u03bc\u03bc\u03cd\u03b4\u03b9 \u03a3\u03ba\u03cc\u03bd\u03b7 100gr","quantity":"1","price":"1.23"}
{"product_name":"\u039c\u03a0\u0391\u03a7\u0391\u03a1\u0391\u0394\u0399\u039a\u039f \u039a\u03c1\u03b5\u03bc\u03bc\u03cd\u03b4\u03b9 \u03a3\u03ba\u03cc\u03bd\u03b7 100gr","quantity":"1","price":"1.23"}
{"product_name":"\u0397\u039b\u0399\u039f\u03a3 Carino \u039c\u03b5\u03af\u03b3\u03bc\u03b1 \u039c\u03c0\u03b1\u03c7\u03b1\u03c1\u03b9\u03ba\u03ce\u03bd \u03b3\u03b9\u03b1 \u039a\u03bf\u03c4\u03cc\u03c0\u03bf\u03c5\u03bb\u03bf 40gr","quantity":"1","price":"1.59"}
{"product_name":"\u039a\u0391\u039b\u0391\u03a3 \u039a\u03bb\u03b1\u03c3\u03b9\u03ba\u03cc \u0391\u03bb\u03ac\u03c4\u03b9 \u0398\u03b1\u03bb\u03b1\u03c3\u03c3\u03b9\u03bd\u03cc 400gr","quantity":"1","price":"1.82"}
{"product_name":"\u039a\u0391\u039b\u0391\u03a3 \u039a\u03bb\u03b1\u03c3\u03b9\u03ba\u03cc \u0391\u03bb\u03ac\u03c4\u03b9 \u0398\u03b1\u03bb\u03b1\u03c3\u03c3\u03b9\u03bd\u03cc 400gr","quantity":"1","price":"1.82"}
{"product_name":"\u039a\u0391\u039b\u0391\u03a3 \u039a\u03bb\u03b1\u03c3\u03b9\u03ba\u03cc \u0391\u03bb\u03ac\u03c4\u03b9 \u0398\u03b1\u03bb\u03b1\u03c3\u03c3\u03b9\u03bd\u03cc 400gr","quantity":"1","price":"1.82"}
{"product_name":"\u039a\u0391\u039b\u0391\u03a3 \u039a\u03bb\u03b1\u03c3\u03b9\u03ba\u03cc \u0391\u03bb\u03ac\u03c4\u03b9 \u0398\u03b1\u03bb\u03b1\u03c3\u03c3\u03b9\u03bd\u03cc 400gr","quantity":"1","price":"1.82"}
{"product_name":"\u039a\u0391\u039b\u0391\u03a3 \u039a\u03bb\u03b1\u03c3\u03b9\u03ba\u03cc \u0391\u03bb\u03ac\u03c4\u03b9 \u0398\u03b1\u03bb\u03b1\u03c3\u03c3\u03b9\u03bd\u03cc 400gr","quantity":"1","price":"1.82"}
{"product_id":"1","quantity":"1","price":"1.18"}
{"product_id":"1","quantity":"1","price":"1.18"}
{"product_id":"1","quantity":"1","price":"1.18"}
{"product_id":"1","quantity":"1","price":"1.18"}
{"product_id":"1","quantity":"1","price":"1.18"}
{"product_id":"1","quantity":"1","price":"1.18"}
{"product_id":"1","quantity":"1","price":"1.18"}
{"product_id":"1","quantity":"1","price":"1.18"}
{"product_id":"1","quantity":"1","price":"1.18"}
{"product_id":"101","quantity":"1","price":"0.61"}
{"product_name":"3 \u0391\u039b\u03a6\u0391 \u03a1\u03cd\u03b6\u03b9 \u039a\u03b1\u03c1\u03bf\u03bb\u03af\u03bd\u03b1 500gr","quantity":"1","price":"2.24"}
{"product_name":"TROFINO \u03a1\u03cd\u03b6\u03b9 \u039a\u03af\u03c4\u03c1\u03b9\u03bd\u03bf \u0395\u03bb\u03bb\u03b7\u03bd\u03b9\u03ba\u03cc \u0392\u03b9\u03bf\u03bb\u03bf\u03b3\u03b9\u03ba\u03cc 500gr","quantity":"1","price":"2.52"}
{"product_id":"6","quantity":"1","price":"1.22"}
{"product_id":"124","quantity":"1","price":"2.24"}
{"product_id":"128","quantity":"1","price":"2.52"}
{"product_id":"127","quantity":"1","price":"2.57"}
{"product_id":"122","quantity":"1","price":"2.67"}
{"product_id":"1","quantity":"1","price":"1.18"}
{"product_id":"6","quantity":"1","price":"1.22"}
{"product_id":"7","quantity":"1","price":"1.3"}
{"product_id":"3","quantity":"1","price":"1.7"}
{"product_id":"2","quantity":"1","price":"2.1"}
{"product_id":"5","quantity":"1","price":"2.8"}
{"product_id":"4","quantity":"1","price":"3"}
{"product_id":"100","quantity":"1","price":"3.53"}
{"product_id":"100","quantity":"1","price":"3.53"}
{"product_id":"102","quantity":"1","price":"2.84"}
{"product_id":"99","quantity":"1","price":"1.49"}
{"product_id":"98","quantity":"1","price":"0.77"}
{"product_id":"101","quantity":"1","price":"0.61"}
{"product_id":"238","quantity":"1","price":"4.25"}
{"product_id":"239","quantity":"1","price":"1.95"}
{"product_id":"240","quantity":"1","price":"1.76"}
{"product_id":"163","quantity":"1","price":"6"}
{"product_id":"160","quantity":"1","price":"2.4"}
{"product_id":"161","quantity":"1","price":"1.28"}
{"product_id":"162","quantity":"1","price":"0.74"}
{"product_name":"\u03a7\u03bf\u03b9\u03c1\u03b9\u03bd\u03cc \u039a\u03cc\u03c4\u03c3\u03b9 \u039d\u03c9\u03c0\u03cc \u039c\/\u039f \u0391\/\u0394 \u0395\u03b9\u03c3\u03b1\u03b3\u03c9\u03b3\u03ae\u03c2","quantity":"1","price":"5.3"}
{"product_name":"\u03a7\u03bf\u03b9\u03c1\u03b9\u03bd\u03cc\u03c2 \u039b\u03b1\u03b9\u03bc\u03cc\u03c2 \u039c\/\u039f \u0395\u03b9\u03c3\u03b1\u03b3\u03c9\u03b3\u03ae\u03c2","quantity":"1","price":"6.9"}
{"product_name":"\u03a7\u03bf\u03b9\u03c1\u03b9\u03bd\u03ae \u039c\u03c0\u03c1\u03b9\u03b6\u03cc\u03bb\u03b1 \u039c\/\u039f \u0395\u03b9\u03c3\u03b1\u03b3\u03c9\u03b3\u03ae\u03c2","quantity":"1","price":"7.1"}
{"product_name":"\u03a7\u03bf\u03b9\u03c1\u03b9\u03bd\u03ae \u03a0\u03b1\u03bd\u03c3\u03ad\u03c4\u03b1 \u039c\/\u039f \u0395\u03bb\u03bb\u03b7\u03bd\u03b9\u03ba\u03ae","quantity":"1","price":"7.2"}
{"product_name":"\u03a7\u03bf\u03b9\u03c1\u03b9\u03bd\u03ae \u03a0\u03b1\u03bd\u03c3\u03ad\u03c4\u03b1 \u039c\/\u039f \u0395\u03bb\u03bb\u03b7\u03bd\u03b9\u03ba\u03ae","quantity":"1","price":"7.2"}
{"product_id":"229","quantity":"1","price":"5.3"}
{"product_id":"228","quantity":"1","price":"6.9"}
{"product_id":"227","quantity":"1","price":"7.1"}
{"product_id":"230","quantity":"1","price":"7.2"}
{"product_name":"\u0393\u039b\u0391\u03a1\u039f\u03a3 \u03a7\u03b1\u03c1\u03c4\u03bf\u03c0\u03b5\u03c4\u03c3\u03ad\u03c4\u03b5\u03c2 30x30cm 110\u03c4\u03b5\u03bc 190gr","quantity":"1","price":"0.78"}
{"product_id":"304","quantity":"1","price":"0.78"}
{"product_id":"305","quantity":"1","price":"2.48"}
{"product_id":"303","quantity":"1","price":"2.5"}
{"product_id":"306","quantity":"1","price":"3.65"}
{"product_id":"361","quantity":"1","price":"0.97"}
{"product_id":"362","quantity":"1","price":"1"}
{"product_id":"364","quantity":"1","price":"2"}
{"product_id":"363","quantity":"1","price":"2.8"}
{"product_id":"331","quantity":"1","price":"1.32"}
{"product_id":"334","quantity":"1","price":"3.43"}
{"product_id":"329","quantity":"1","price":"4.6"}
{"product_id":"330","quantity":"1","price":"4.78"}
{"product_id":"332","quantity":"1","price":"5.18"}
{"product_id":"333","quantity":"1","price":"15.18"}
{"product_id":"335","quantity":"1","price":"17.8"}
{"product_name":"AIM \u039f\u03b4\u03bf\u03bd\u03c4\u03cc\u03b2\u03bf\u03c5\u03c1\u03c4\u03c3\u03b1 Anti-Plaque \u03bc\u03ad\u03c4\u03c1\u03b9\u03b1 2\u03c4\u03b5\u03bc","quantity":"1","price":"2.18"}
{"product_name":"COLGATE \u039f\u03b4\u03bf\u03bd\u03c4\u03cc\u03ba\u03c1\u03b5\u03bc\u03b1 Triple Action 75ml","quantity":"1","price":"2.36"}
{"product_id":"345","quantity":"1","price":"2.18"}
{"product_id":"346","quantity":"1","price":"2.36"}
{"product_id":"347","quantity":"1","price":"3.98"}
{"product_id":"348","quantity":"1","price":"6.64"}
{"product_id":"269","quantity":"1","price":"0.55"}
{"product_id":"268","quantity":"1","price":"1.1"}
{"product_id":"267","quantity":"1","price":"1.88"}
{"product_id":"266","quantity":"1","price":"1.94"}
{"product_id":"273","quantity":"1","price":"1.5"}
{"product_id":"274","quantity":"1","price":"1.5"}
{"product_id":"276","quantity":"1","price":"1.52"}
{"product_id":"272","quantity":"1","price":"1.85"}
{"product_id":"270","quantity":"1","price":"1.95"}
{"product_id":"271","quantity":"1","price":"1.95"}
{"product_id":"275","quantity":"1","price":"3.33"}
{"product_id":"258","quantity":"1","price":"4.16"}
{"product_id":"327","quantity":"1","price":"2.5"}
{"product_id":"259","quantity":"1","price":"4.44"}
{"product_id":"1","quantity":"1","price":"1.18"}
{"product_id":"6","quantity":"1","price":"1.22"}
{"product_id":"7","quantity":"1","price":"1.3"}
{"product_id":"6","quantity":"1","price":"1.22"}
{"product_id":"6","quantity":"1","price":"1.22"}
{"product_id":"6","quantity":"1","price":"1.22"}
{"product_id":"1","quantity":"1","price":"1.18"}
{"product_id":"6","quantity":"1","price":"1.22"}
{"product_id":"6","quantity":"1","price":"1.22"}
{"product_id":"2","quantity":"1","price":"2.1"}
{"product_id":"7","quantity":"1","price":"1.3"}
{"product_id":"4","quantity":"1","price":"3"}
{"product_id":"4","quantity":"1","price":"3"}
{"product_id":"137","quantity":"1","price":"0.7"}
{"product_id":"135","quantity":"1","price":"1.1"}
{"product_id":"140","quantity":"1","price":"1.3"}
{"product_id":"124","quantity":"1","price":"2.24"}
{"product_id":"128","quantity":"1","price":"2.52"}
{"product_id":"127","quantity":"1","price":"2.57"}
{"product_id":"128","quantity":"1","price":"2.52"}
{"product_id":"129","quantity":"1","price":"3.98"}
{"product_id":"129","quantity":"1","price":"3.98"}
{"product_id":"125","quantity":"1","price":"3.39"}
{"product_id":"295","quantity":"1","price":"18.8"}
{"product_id":"295","quantity":"1","price":"18.8"}
{"product_id":"296","quantity":"1","price":"22.4"}
{"product_id":"297","quantity":"1","price":"24.9"}
{"product_id":"297","quantity":"1","price":"24.9"}
{"product_id":"298","quantity":"1","price":"10"}
{"product_id":"90","quantity":"1","price":"0.7"}
{"product_id":"90","quantity":"1","price":"0.7"}
{"product_id":"90","quantity":"1","price":"0.7"}
{"product_id":"92","quantity":"1","price":"1.23"}
{"product_id":"93","quantity":"1","price":"1.64"}
{"product_id":"91","quantity":"1","price":"4"}
{"product_id":"6","quantity":"1","price":"1.22"}
{"product_id":"243","quantity":"1","price":"2.4"}
{"product_id":"257","quantity":"1","price":"3.77"}
{"product_id":"272","quantity":"1","price":"1.85"}
{"product_id":"270","quantity":"1","price":"1.95"}
{"product_id":"273","quantity":"1","price":"1.5"}
{"product_id":"271","quantity":"1","price":"1.95"}
{"product_id":"307","quantity":"1","price":"3.6"}
{"product_id":"308","quantity":"1","price":"2.78"}
{"product_id":"334","quantity":"1","price":"3.43"}
{"product_id":"329","quantity":"1","price":"4.6"}
{"product_id":"330","quantity":"1","price":"4.78"}
{"product_id":"332","quantity":"1","price":"5.18"}
{"product_id":"335","quantity":"1","price":"17.8"}
{"product_id":"333","quantity":"1","price":"15.18"}
{"product_id":"331","quantity":"1","price":"1.32"}
{"product_id":"294","quantity":"1","price":"1.06"}
{"product_id":"252","quantity":"1","price":"5.2"}
{"product_id":"133","quantity":"1","price":"2.52"}
{"product_id":"131","quantity":"1","price":"2.58"}
{"product_id":"134","quantity":"1","price":"3"}
{"product_id":"246","quantity":"1","price":"3.2"}
{"product_id":"1","quantity":"1","price":"1.18"}
{"product_id":"5","quantity":"1","price":"2.8"}
{"product_id":"4","quantity":"1","price":"3"}
{"product_id":"3","quantity":"1","price":"1.7"}
{"product_id":"300","quantity":"1","price":"2.35"}
{"product_id":"301","quantity":"1","price":"3.2"}
{"product_id":"302","quantity":"1","price":"3.2"}
{"product_id":"280","quantity":"1","price":"2.86"}
{"product_id":"281","quantity":"1","price":"4.55"}
{"product_id":"277","quantity":"1","price":"4.96"}
{"product_id":"98","quantity":"1","price":"0.77"}
{"product_id":"100","quantity":"1","price":"3.53"}
{"product_id":"292","quantity":"1","price":"2"}
{"product_id":"134","quantity":"1","price":"3"}
{"product_id":"131","quantity":"1","price":"2.58"}
{"product_id":"133","quantity":"1","price":"2.52"}
{"product_id":"132","quantity":"1","price":"2.2"}
{"product_id":"334","quantity":"1","price":"3.43"}
{"product_id":"331","quantity":"1","price":"1.32"}
{"product_id":"329","quantity":"1","price":"4.6"}
{"product_id":"288","quantity":"1","price":"3.28"}
{"product_id":"288","quantity":"1","price":"3.28"}
{"product_id":"288","quantity":"1","price":"3.28"}
{"product_id":"288","quantity":"1","price":"3.28"}
{"product_id":"288","quantity":"1","price":"3.28"}
{"product_id":"7","quantity":"1","price":"1.3"}
{"product_id":"7","quantity":"1","price":"1.3"}
{"product_id":"7","quantity":"1","price":"1.3"}
{"product_id":"358","quantity":"1","price":"2.88"}
{"product_id":"359","quantity":"1","price":"2.83"}
{"product_id":"357","quantity":"1","price":"1.96"}
{"product_id":"360","quantity":"1","price":"4.66"}
{"product_id":"6","quantity":"1","price":"1.22"}
{"product_id":"2","quantity":"1","price":"2.1"}
{"product_id":"165","quantity":"1","price":"3.2"}
{"product_id":"168","quantity":"1","price":"2.55"}
{"product_id":"166","quantity":"1","price":"2.2"}
{"product_id":"3","quantity":"1","price":"1.7"}
{"product_id":"7","quantity":"1","price":"1.3"}
{"product_id":"2","quantity":"1","price":"2.1"}
{"product_id":"145","quantity":"1","price":"1.25"}
{"product_id":"145","quantity":"1","price":"1.25"}
{"product_id":"92","quantity":"1","price":"1.23"}
{"product_id":"92","quantity":"1","price":"1.23"}
{"product_id":"92","quantity":"1","price":"1.23"}
{"product_id":"6","quantity":"1","price":"1.22"}
{"product_id":"7","quantity":"1","price":"1.3"}
{"product_id":"3","quantity":"1","price":"1.7"}
{"product_id":"1","quantity":"1","price":"1.18"}
{"product_id":"1","quantity":"1","price":"1.18"}
{"product_id":"1","quantity":"1","price":"1.18"}
{"product_id":"1","quantity":"1","price":"1.18"}
{"product_id":"1","quantity":"1","price":"1.18"}
{"product_id":"1","quantity":"1","price":"1.18"}
{"product_id":"1","quantity":"1","price":"1.18"}
{"product_id":"1","quantity":"1","price":"1.18"}
{"product_id":"1","quantity":"1","price":"1.18"}
{"product_id":"1","quantity":"1","price":"1.18"}
{"product_id":"1","quantity":"1","price":"1.18"}
{"product_id":"6","quantity":"1","price":"1.22"}
[]
[]
[]
[]
[]
[]
[]
[]
{"product_id":"101","quantity":"1","price":"0.61"}
{"product_id":"101","quantity":"1","price":"0.61"}
{"product_id":"101","quantity":"1","price":"0.61"}
[]
[]
[]
[]
{"product_id":"1","quantity":"1","price":"1.18"}
{"product_id":"6","quantity":"1","price":"1.22"}
{"product_id":"6","quantity":"1","price":"1.22"}
{"product_id":"6","quantity":"1","price":"1.22"}
{"product_id":"7","quantity":"1","price":"1.3"}
{"product_id":"3","quantity":"1","price":"1.7"}
{"product_id":"2","quantity":"1","price":"2.1"}
{"product_id":"2","quantity":"1","price":"2.1"}
{"product_id":"1","quantity":"1","price":"1.18"}
{"product_id":"280","quantity":"1","price":"2.86"}
{"product_id":"280","quantity":"1","price":"2.86"}
{"product_id":"7","quantity":"1","price":"1.3"}
{"product_id":"7","quantity":"1","price":"1.3"}
{"product_id":"7","quantity":"1","price":"1.3"}
{"product_id":"7","quantity":"1","price":"1.3"}
{"product_id":"6","quantity":"1","price":"1.22"}
{"product_id":"6","quantity":"1","price":"1.22"}
{"product_id":"6","quantity":"1","price":"1.22"}
{"product_id":"6","quantity":"1","price":"1.22"}
{"product_id":"6","quantity":"1","price":"1.22"}
{"product_id":"6","quantity":"1","price":"1.22"}
{"product_id":"6","quantity":"1","price":"1.22"}
{"product_id":"101","quantity":"1","price":"0.61"}
{"product_id":"101","quantity":"1","price":"0.61"}
{"product_id":"101","quantity":"1","price":"0.61"}
{"product_id":"101","quantity":"1","price":"0.61"}
{"product_id":"98","quantity":"1","price":"0.77"}
{"product_id":"98","quantity":"1","price":"0.77"}
{"product_id":"98","quantity":"1","price":"0.77"}
{"product_id":"98","quantity":"1","price":"0.77"}
{"product_id":"6","quantity":"1","price":"1.22"}
{"product_id":"6","quantity":"1","price":"1.22"}
{"product_id":"6","quantity":"1","price":"1.22"}
{"product_id":"166","quantity":"1","price":"2.2"}
{"product_id":"166","quantity":"1","price":"2.2"}
{"product_id":"166","quantity":"1","price":"2.2"}
{"product_id":"166","quantity":"1","price":"2.2"}
{"product_id":"166","quantity":"1","price":"2.2"}
{"product_id":"166","quantity":"1","price":"2.2"}
{"product_id":"166","quantity":"1","price":"2.2"}
{"product_id":"166","quantity":"1","price":"2.2"}
{"product_id":"166","quantity":"1","price":"2.2"}
{"product_id":"166","quantity":"1","price":"2.2"}
{"product_id":"166","quantity":"1","price":"2.2"}
{"product_id":"166","quantity":"1","price":"2.2"}
{"product_id":"166","quantity":"1","price":"2.2"}
{"product_id":"6","quantity":"1","price":"1.22"}
{"product_id":"6","quantity":"1","price":"1.22"}
{"product_id":"6","quantity":"1","price":"1.22"}
{"product_id":"6","quantity":"1","price":"1.22"}
{"product_id":"6","quantity":"1","price":"1.22"}
{"product_id":"6","quantity":"1","price":"1.22"}
{"product_id":"6","quantity":"1","price":"1.22"}
{"product_id":"6","quantity":"1","price":"1.22"}
{"product_id":"6","quantity":"1","price":"1.22"}
{"product_id":"93","quantity":"1","price":"1.64"}
{"product_id":"92","quantity":"1","price":"1.23"}
{"product_id":"90","quantity":"1","price":"0.7"}
{"product_id":"91","quantity":"1","price":"4"}
{"product_id":"6","quantity":"1","price":"1.22"}
{"product_id":"6","quantity":"1","price":"1.22"}
{"product_id":"6","quantity":"1","price":"1.22"}
{"product_id":"6","quantity":"1","price":"1.22"}
{"product_id":"6","quantity":"1","price":"1.22"}
{"product_id":"6","quantity":"1","price":"1.22"}
{"product_id":"6","quantity":"1","price":"1.22"}
{"product_id":"6","quantity":"1","price":"1.22"}
{"product_id":"6","quantity":"1","price":"1.22"}
{"product_id":"6","quantity":"1","price":"1.22"}
{"product_id":"6","quantity":"1","price":"1.22"}
{"product_id":"6","quantity":"1","price":"1.22"}
{"product_id":"6","quantity":"1","price":"1.22"}
{"product_id":"6","quantity":"1","price":"1.22"}
{"product_id":"6","quantity":"1","price":"1.22"}
{"product_id":"6","quantity":"1","price":"1.22"}
{"product_id":"6","quantity":"1","price":"1.22"}
{"product_id":"6","quantity":"1","price":"1.22"}
{"product_id":"6","quantity":"1","price":"1.22"}
{"product_id":"6","quantity":"1","price":"1.22"}
{"product_id":"6","quantity":"1","price":"1.22"}
{"product_id":"6","quantity":"1","price":"1.22"}
{"product_id":"6","quantity":"1","price":"1.22"}
{"product_id":"166","quantity":"1","price":"2.2"}
{"product_id":"166","quantity":"1","price":"2.2"}
{"product_id":"166","quantity":"1","price":"2.2"}
{"product_id":"166","quantity":"1","price":"2.2"}
{"product_id":"166","quantity":"1","price":"2.2"}
{"product_id":"166","quantity":"1","price":"2.2"}
{"product_id":"6","quantity":"1","price":"1.22"}
{"product_id":"6","quantity":"1","price":"1.22"}
{"product_id":"6","quantity":"1","price":"1.22"}
{"product_id":"6","quantity":"1","price":"1.22"}
{"product_id":"6","quantity":"1","price":"1.22"}
{"product_id":"6","quantity":"1","price":"1.22"}
{"product_id":"6","quantity":"1","price":"1.22"}
{"product_id":"6","quantity":"1","price":"1.22"}
{"product_id":"6","quantity":"1","price":"1.22"}
{"product_id":"6","quantity":"1","price":"1.22"}
{"product_id":"6","quantity":"1","price":"1.22"}
{"product_id":"6","quantity":"1","price":"1.22"}
{"product_id":"6","quantity":"1","price":"1.22"}
{"product_id":"6","quantity":"1","price":"1.22"}
{"product_id":"6","quantity":"1","price":"1.22"}
{"product_id":"6","quantity":"1","price":"1.22"}
{"product_id":"6","quantity":"1","price":"1.22"}
{"product_id":"6","quantity":"1","price":"1.22"}
{"product_id":"6","quantity":"1","price":"1.22"}
{"product_id":"6","quantity":"1","price":"1.22"}
{"product_id":"6","quantity":"1","price":"1.22"}
{"product_id":"6","quantity":"1","price":"1.22"}
{"product_id":"6","quantity":"1","price":"1.22"}
{"product_id":"166","quantity":"1","price":"2.2"}
{"product_id":"166","quantity":"1","price":"2.2"}
{"product_id":"166","quantity":"1","price":"2.2"}
{"product_id":"166","quantity":"1","price":"2.2"}
{"product_id":"166","quantity":"1","price":"2.2"}
{"product_id":"166","quantity":"1","price":"2.2"}
{"product_id":"166","quantity":"1","price":"2.2"}
{"product_id":"166","quantity":"1","price":"2.2"}
{"product_id":"166","quantity":"1","price":"2.2"}
{"product_id":"166","quantity":"1","price":"2.2"}
{"product_id":"166","quantity":"1","price":"2.2"}
{"product_id":"166","quantity":"1","price":"2.2"}
{"product_id":"166","quantity":"1","price":"2.2"}
{"product_id":"166","quantity":"1","price":"2.2"}
{"product_id":"166","quantity":"1","price":"2.2"}
{"product_id":"166","quantity":"1","price":"2.2"}
{"product_id":"166","quantity":"1","price":"2.2"}
{"product_id":"166","quantity":"1","price":"2.2"}
{"product_id":"166","quantity":"1","price":"2.2"}
{"product_id":"166","quantity":"1","price":"2.2"}
{"product_id":"168","quantity":"1","price":"2.55"}
{"product_id":"168","quantity":"1","price":"2.55"}
{"product_id":"168","quantity":"1","price":"2.55"}
{"product_id":"168","quantity":"1","price":"2.55"}
{"product_id":"168","quantity":"1","price":"2.55"}
{"product_id":"168","quantity":"1","price":"2.55"}
{"product_id":"168","quantity":"1","price":"2.55"}
{"product_id":"168","quantity":"1","price":"2.55"}
{"product_id":"168","quantity":"16","price":"2.55"}
{"product_id":"168","quantity":"16","price":"2.55"}
{"product_id":"168","quantity":"18","price":"2.55"}
{"product_id":"5","quantity":"1","price":"2.8"}
{"product_id":"5","quantity":"1","price":"2.8"}
{"product_id":"7","quantity":"1","price":"1.3"}
{"product_id":"7","quantity":"1","price":"1.3"}
{"product_id":"166","quantity":"1","price":"2.2"}
{"product_id":"166","quantity":"1","price":"2.2"}
{"product_id":"166","quantity":"1","price":"2.2"}
{"product_id":"166","quantity":"1","price":"2.2"}
{"product_id":"166","quantity":"1","price":"2.2"}
{"product_id":"166","quantity":"1","price":"2.2"}
{"product_id":"166","quantity":"1","price":"2.2"}
{"product_id":"7","quantity":"20","price":"1.3"}
{"product_id":"3","quantity":"1","price":"1.7"}
{"product_id":"3","quantity":"1","price":"1.7"}
{"product_id":"3","quantity":"1","price":"1.7"}
{"product_id":"3","quantity":"1","price":"1.7"}
{"product_id":"3","quantity":"1","price":"1.7"}
{"product_id":"3","quantity":"1","price":"1.7"}
{"product_id":"3","quantity":"1","price":"1.7"}
{"product_id":"3","quantity":"1","price":"1.7"}
{"product_id":"3","quantity":"1","price":"1.7"}
{"product_id":"3","quantity":"1","price":"1.7"}
{"product_id":"3","quantity":"1","price":"1.7"}
{"product_id":"3","quantity":"1","price":"1.7"}
{"product_id":"2","quantity":"1","price":"2.1"}
{"product_id":"2","quantity":"1","price":"2.1"}
{"product_id":"2","quantity":"1","price":"2.1"}
{"product_id":"2","quantity":"1","price":"2.1"}
{"product_id":"2","quantity":"1","price":"2.1"}
{"product_id":"2","quantity":"1","price":"2.1"}
{"product_id":"2","quantity":"1","price":"2.1"}
{"product_id":"2","quantity":"1","price":"2.1"}
{"product_id":"2","quantity":"1","price":"2.1"}
{"product_id":"2","quantity":"1","price":"2.1"}
{"product_id":"2","quantity":"9","price":"2.1"}
{"product_id":"3","quantity":"1","price":"1.7"}
{"product_id":"3","quantity":"1","price":"1.7"}
{"product_id":"3","quantity":"1","price":"1.7"}
{"product_id":"3","quantity":"1","price":"1.7"}
{"product_id":"3","quantity":"1","price":"1.7"}
{"product_id":"3","quantity":"1","price":"1.7"}
{"product_id":"3","quantity":"1","price":"1.7"}
{"product_id":"3","quantity":"1","price":"1.7"}
{"product_id":"3","quantity":"1","price":"1.7"}
{"product_id":"3","quantity":"1","price":"1.7"}
{"product_id":"2","quantity":"1","price":"2.1"}
{"product_id":"2","quantity":"1","price":"2.1"}
{"product_id":"2","quantity":"1","price":"2.1"}
{"product_id":"2","quantity":"1","price":"2.1"}
{"product_id":"4","quantity":"1","price":"3"}
{"product_id":"4","quantity":"1","price":"3"}
{"product_id":"132","quantity":"1","price":"2.2"}
{"product_id":"132","quantity":"1","price":"2.2"}
{"product_id":"132","quantity":"1","price":"2.2"}
{"product_id":"101","quantity":"1","price":"0.61"}
{"product_id":"98","quantity":"1","price":"0.77"}
{"product_id":"101","quantity":"1","price":"0.61"}
{"product_id":"98","quantity":"1","price":"0.77"}
{"product_id":"101","quantity":"1","price":"0.61"}
{"product_id":"98","quantity":"1","price":"0.77"}
{"product_id":"101","quantity":"13","price":"0.61"}
{"product_id":"98","quantity":"17","price":"0.77"}
{"product_id":"98","quantity":"1","price":"0.77"}
{"product_id":"98","quantity":"17","price":"0.77"}
{"product_id":"98","quantity":"1","price":"0.77"}
{"product_id":"98","quantity":"1","price":"0.77"}
{"product_id":"98","quantity":"1","price":"0.77"}
{"product_id":"98","quantity":"1","price":"0.77"}
{"product_id":"98","quantity":"1","price":"0.77"}
{"product_id":"98","quantity":"1","price":"0.77"}
{"product_id":"98","quantity":"1","price":"0.77"}
{"product_id":"98","quantity":"1","price":"0.77"}
{"product_id":"98","quantity":"1","price":"0.77"}
{"product_id":"98","quantity":"1","price":"0.77"}
{"product_id":"98","quantity":"1","price":"0.77"}
{"product_id":"98","quantity":"1","price":"0.77"}
{"product_id":"98","quantity":"1","price":"0.77"}
{"product_id":"98","quantity":"1","price":"0.77"}
{"product_id":"98","quantity":"1","price":"0.77"}
{"product_id":"98","quantity":"1","price":"0.77"}
{"product_id":"98","quantity":"1","price":"0.77"}
{"product_id":"98","quantity":"1","price":"0.77"}
{"product_id":"98","quantity":"1","price":"0.77"}
{"product_id":"98","quantity":"1","price":"0.77"}
{"product_id":"98","quantity":"1","price":"0.77"}
{"product_id":"98","quantity":"1","price":"0.77"}
{"product_id":"98","quantity":"1","price":"0.77"}
{"product_id":"98","quantity":"1","price":"0.77"}
{"product_id":"2","quantity":"1","price":"2.1"}
{"product_id":"2","quantity":"1","price":"2.1"}
{"product_id":"2","quantity":"1","price":"2.1"}
{"product_id":"2","quantity":"1","price":"2.1"}
{"product_id":"2","quantity":"1","price":"2.1"}
{"product_id":"2","quantity":"1","price":"2.1"}
{"product_id":"2","quantity":"1","price":"2.1"}
{"product_id":"2","quantity":"1","price":"2.1"}
{"product_id":"2","quantity":"1","price":"2.1"}
{"product_id":"2","quantity":"1","price":"2.1"}
{"product_id":"2","quantity":"1","price":"2.1"}
{"product_id":"2","quantity":"1","price":"2.1"}
{"product_id":"2","quantity":"1","price":"2.1"}
{"product_id":"2","quantity":"1","price":"2.1"}
{"product_id":"2","quantity":"1","price":"2.1"}
{"product_id":"2","quantity":"1","price":"2.1"}
{"product_id":"2","quantity":"1","price":"2.1"}
{"product_id":"2","quantity":"1","price":"2.1"}
{"product_id":"2","quantity":"1","price":"2.1"}
{"product_id":"2","quantity":"1","price":"2.1"}
{"product_id":"2","quantity":"1","price":"2.1"}
{"product_id":"2","quantity":"1","price":"2.1"}
{"product_id":"2","quantity":"1","price":"2.1"}
{"product_id":"2","quantity":"1","price":"2.1"}
{"product_id":"2","quantity":"1","price":"2.1"}
{"product_id":"2","quantity":"1","price":"2.1"}
{"product_id":"2","quantity":"1","price":"2.1"}
{"product_id":"2","quantity":"1","price":"2.1"}
{"product_id":"2","quantity":"1","price":"2.1"}
{"product_id":"2","quantity":"1","price":"2.1"}
{"product_id":"2","quantity":"1","price":"2.1"}
{"product_id":"2","quantity":"1","price":"2.1"}
{"product_id":"2","quantity":"1","price":"2.1"}
{"product_id":"2","quantity":"1","price":"2.1"}
{"product_id":"2","quantity":"1","price":"2.1"}
{"product_id":"2","quantity":"1","price":"2.1"}
{"product_id":"2","quantity":"1","price":"2.1"}
{"product_id":"2","quantity":"1","price":"2.1"}
{"product_id":"2","quantity":"1","price":"2.1"}
{"product_id":"2","quantity":"1","price":"2.1"}
{"product_id":"2","quantity":"1","price":"2.1"}
{"product_id":"2","quantity":"1","price":"2.1"}
{"product_id":"2","quantity":"1","price":"2.1"}
{"product_id":"2","quantity":"1","price":"2.1"}
{"product_id":"2","quantity":"1","price":"2.1"}
{"product_id":"2","quantity":"1","price":"2.1"}
{"product_id":"2","quantity":"1","price":"2.1"}
{"product_id":"2","quantity":"1","price":"2.1"}
{"product_id":"2","quantity":"1","price":"2.1"}
{"product_id":"2","quantity":"1","price":"2.1"}
{"product_id":"2","quantity":"1","price":"2.1"}
{"product_id":"2","quantity":"1","price":"2.1"}
{"product_id":"2","quantity":"1","price":"2.1"}
{"product_id":"2","quantity":"1","price":"2.1"}
{"product_id":"2","quantity":"1","price":"2.1"}
{"product_id":"2","quantity":"1","price":"2.1"}
{"product_id":"2","quantity":"1","price":"2.1"}
{"product_id":"2","quantity":"1","price":"2.1"}
{"product_id":"2","quantity":"1","price":"2.1"}
{"product_id":"2","quantity":"1","price":"2.1"}
{"product_id":"2","quantity":"1","price":"2.1"}
{"product_id":"2","quantity":"1","price":"2.1"}
{"product_id":"2","quantity":"1","price":"2.1"}
{"product_id":"2","quantity":"1","price":"2.1"}
{"product_id":"5","quantity":"1","price":"2.8"}
{"product_id":"5","quantity":"1","price":"2.8"}
{"product_id":"5","quantity":"1","price":"2.8"}
{"product_id":"5","quantity":"1","price":"2.8"}
{"product_id":"5","quantity":"15","price":"2.8"}
{"product_id":"4","quantity":"18","price":"3"}
{"product_id":"4","quantity":"1","price":"3"}
{"product_id":"4","quantity":"1","price":"3"}
{"product_id":"4","quantity":"1","price":"3"}
{"product_id":"4","quantity":"1","price":"3"}
{"product_id":"4","quantity":"1","price":"3"}
{"product_id":"4","quantity":"1","price":"3"}
{"product_id":"4","quantity":"1","price":"3"}
{"product_id":"4","quantity":"1","price":"3"}
{"product_id":"4","quantity":"1","price":"3"}
{"product_id":"4","quantity":"1","price":"3"}
{"product_id":"4","quantity":"1","price":"3"}
{"product_id":"4","quantity":"1","price":"3"}
{"product_id":"4","quantity":"1","price":"3"}
{"product_id":"4","quantity":"1","price":"3"}
{"product_id":"4","quantity":"1","price":"3"}
{"product_id":"4","quantity":"1","price":"3"}
{"product_id":"4","quantity":"1","price":"3"}
{"product_id":"4","quantity":"1","price":"3"}
{"product_id":"4","quantity":"1","price":"3"}
{"product_id":"4","quantity":"1","price":"3"}
{"product_id":"4","quantity":"1","price":"3"}
{"product_id":"4","quantity":"1","price":"3"}
{"product_id":"4","quantity":"1","price":"3"}
{"product_id":"4","quantity":"1","price":"3"}
{"product_id":"4","quantity":"1","price":"3"}
{"product_id":"4","quantity":"1","price":"3"}
{"product_id":"4","quantity":"1","price":"3"}
{"product_id":"4","quantity":"1","price":"3"}
{"product_id":"4","quantity":"1","price":"3"}
{"product_id":"4","quantity":"1","price":"3"}
{"product_id":"4","quantity":"1","price":"3"}
{"product_id":"4","quantity":"1","price":"3"}
{"product_id":"2","quantity":"20","price":"2.1"}
{"product_id":"2","quantity":"20","price":"2.1"}
{"product_id":"2","quantity":"20","price":"2.1"}
{"product_id":"4","quantity":"18","price":"3"}
{"product_id":"4","quantity":"18","price":"3"}
{"product_id":"4","quantity":"18","price":"3"}
{"product_id":"4","quantity":"18","price":"3"}
{"product_id":"4","quantity":"18","price":"3"}
{"product_id":"2","quantity":"16","price":"2.1"}
{"product_id":"4","quantity":"1","price":"3"}
{"product_id":"4","quantity":"1","price":"3"}
{"product_id":"4","quantity":"1","price":"3"}
{"product_id":"4","quantity":"1","price":"3"}
{"product_id":"4","quantity":"1","price":"3"}
{"product_id":"4","quantity":"1","price":"3"}
{"product_id":"4","quantity":"1","price":"3"}
{"product_id":"4","quantity":"1","price":"3"}
{"product_id":"4","quantity":"1","price":"3"}
{"product_id":"4","quantity":"1","price":"3"}
{"product_id":"4","quantity":"1","price":"3"}
{"product_id":"4","quantity":"1","price":"3"}
{"product_id":"4","quantity":"1","price":"3"}
{"product_id":"4","quantity":"1","price":"3"}
{"product_id":"4","quantity":"1","price":"3"}
{"product_id":"4","quantity":"1","price":"3"}
{"product_id":"4","quantity":"1","price":"3"}
{"product_id":"4","quantity":"1","price":"3"}
{"product_id":"4","quantity":"1","price":"3"}
{"product_id":"4","quantity":"1","price":"3"}
{"product_id":"4","quantity":"1","price":"3"}
{"product_id":"4","quantity":"1","price":"3"}
{"product_id":"4","quantity":"1","price":"3"}
{"product_id":"2","quantity":"1","price":"2.1"}
{"product_id":"2","quantity":"1","price":"2.1"}
{"product_id":"2","quantity":"1","price":"2.1"}
{"product_id":"2","quantity":"1","price":"2.1"}
{"product_id":"2","quantity":"1","price":"2.1"}
{"product_id":"2","quantity":"1","price":"2.1"}
{"product_id":"2","quantity":"1","price":"2.1"}
{"product_id":"2","quantity":"1","price":"2.1"}
{"product_id":"2","quantity":"1","price":"2.1"}
{"product_id":"2","quantity":"1","price":"2.1"}
{"product_id":"2","quantity":"1","price":"2.1"}
{"product_id":"2","quantity":"1","price":"2.1"}
{"product_id":"2","quantity":"1","price":"2.1"}
{"product_id":"2","quantity":"1","price":"2.1"}
{"product_id":"2","quantity":"1","price":"2.1"}
{"product_id":"2","quantity":"1","price":"2.1"}
{"product_id":"2","quantity":"1","price":"2.1"}
{"product_id":"2","quantity":"1","price":"2.1"}
{"product_id":"2","quantity":"1","price":"2.1"}
{"product_id":"2","quantity":"1","price":"2.1"}
{"product_id":"2","quantity":"1","price":"2.1"}
{"product_id":"2","quantity":"1","price":"2.1"}
{"product_id":"2","quantity":"1","price":"2.1"}
{"product_id":"2","quantity":"1","price":"2.1"}
{"product_id":"2","quantity":"1","price":"2.1"}
{"product_id":"2","quantity":"1","price":"2.1"}
{"product_id":"2","quantity":"1","price":"2.1"}
{"product_id":"2","quantity":"1","price":"2.1"}
{"product_id":"2","quantity":"1","price":"2.1"}
{"product_id":"2","quantity":"1","price":"2.1"}
{"product_id":"2","quantity":"1","price":"2.1"}
{"product_id":"2","quantity":"1","price":"2.1"}
{"product_id":"2","quantity":"1","price":"2.1"}
{"product_id":"2","quantity":"1","price":"2.1"}
{"product_id":"2","quantity":"1","price":"2.1"}
{"product_id":"2","quantity":"1","price":"2.1"}
{"product_id":"2","quantity":"1","price":"2.1"}
{"product_id":"2","quantity":"1","price":"2.1"}
{"product_id":"2","quantity":"1","price":"2.1"}
{"product_id":"2","quantity":"1","price":"2.1"}
{"product_id":"2","quantity":"1","price":"2.1"}
{"product_id":"2","quantity":"1","price":"2.1"}
{"product_id":"2","quantity":"1","price":"2.1"}
{"product_id":"2","quantity":"1","price":"2.1"}
{"product_id":"2","quantity":"1","price":"2.1"}
{"product_id":"2","quantity":"1","price":"2.1"}
{"product_id":"2","quantity":"1","price":"2.1"}
{"product_id":"2","quantity":"1","price":"2.1"}
{"product_id":"2","quantity":"1","price":"2.1"}
{"product_id":"2","quantity":"1","price":"2.1"}
{"product_id":"2","quantity":"1","price":"2.1"}
{"product_id":"2","quantity":"1","price":"2.1"}
[]
[]
[]
{"product_id":"2","quantity":"1","price":"2.1"}
{"product_id":"2","quantity":"1","price":"2.1"}
{"product_id":"2","quantity":"1","price":"2.1"}
{"product_id":"2","quantity":"1","price":"2.1"}
{"product_id":"2","quantity":"1","price":"2.1"}
{"product_id":"2","quantity":"1","price":"2.1"}
{"product_id":"2","quantity":"1","price":"2.1"}
{"product_id":"360","quantity":"1","price":"4.66"}
{"product_id":"360","quantity":"1","price":"4.66"}
{"product_id":"360","quantity":"1","price":"4.66"}
{"product_id":"360","quantity":"1","price":"4.66"}
{"product_id":"1","quantity":"10","price":"1.18"}
{"product_id":"2","quantity":"1","price":"2.1"}
{"product_id":"2","quantity":"1","price":"2.1"}
{"product_id":"2","quantity":"1","price":"2.1"}
{"product_id":"4","quantity":"1","price":"3"}
{"product_id":"4","quantity":"1","price":"3"}
{"product_id":"4","quantity":"1","price":"3"}
{"product_id":"5","quantity":"1","price":"2.8"}
{"product_id":"5","quantity":"1","price":"2.8"}
{"product_id":"5","quantity":"1","price":"2.8"}
{"product_id":"5","quantity":"1","price":"2.8"}
{"product_id":"1","quantity":"1","price":"1.18"}
{"product_id":"1","quantity":"1","price":"1.18"}
{"product_id":"1","quantity":"1","price":"1.18"}
{"product_id":"1","quantity":"1","price":"1.18"}
{"product_id":"1","quantity":"1","price":"1.18"}
{"product_id":"1","quantity":"1","price":"1.18"}
{"product_id":"1","quantity":"1","price":"1.18"}
{"product_id":"1","quantity":"1","price":"1.18"}
{"product_id":"1","quantity":"1","price":"1.18"}
{"product_id":"1","quantity":"1","price":"1.18"}
{"product_id":"1","quantity":"1","price":"1.18"}
{"product_id":"1","quantity":"1","price":"1.18"}
{"product_id":"1","quantity":"1","price":"1.18"}
{"product_id":"1","quantity":"1","price":"1.18"}
{"product_id":"1","quantity":"1","price":"1.18"}
{"product_id":"1","quantity":"1","price":"1.18"}
{"product_id":"1","quantity":"1","price":"1.18"}
{"product_id":"1","quantity":"1","price":"1.18"}
{"product_id":"1","quantity":"1","price":"1.18"}
{"product_id":"1","quantity":"1","price":"1.18"}
{"product_id":"1","quantity":"1","price":"1.18"}
[]
[]
[]
[]
[]
[]
[]
{"product_id":"1","quantity":"1","price":"1.18"}
[]
[]
{"product_id":"1","quantity":"1","price":"1.18"}
{"product_id":"1","quantity":"1","price":"1.18"}
{"product_id":"1","quantity":"1","price":"1.18"}
{"product_id":"1","quantity":"1","price":"1.18"}
{"product_id":"1","quantity":"1","price":"1.18"}
{"product_id":"1","quantity":"1","price":"1.18"}
{"product_id":"1","quantity":"1","price":"1.18"}
{"product_id":"1","quantity":"1","price":"1.18"}
{"product_id":"1","quantity":"1","price":"1.18"}
{"product_id":"1","quantity":"1","price":"1.18"}
{"product_id":"1","quantity":"1","price":"1.18"}
{"product_id":"1","quantity":"1","price":"1.18"}
{"product_id":"1","quantity":"1","price":"1.18"}
{"product_id":"1","quantity":"1","price":"1.18"}
{"product_id":"98","quantity":"1","price":"0.77"}
{"product_id":"1","quantity":"9","price":"1.18"}
{"product_id":"90","quantity":"5","price":"0.7"}
{"product_id":"90","quantity":"5","price":"0.7"}
{"product_id":"1","quantity":"1","price":"1.18"}
{"product_id":"1","quantity":"1","price":"1.18"}
{"product_id":"1","quantity":"1","price":"1.18"}
{"product_id":"1","quantity":"1","price":"1.18"}
{"product_id":"1","quantity":"3","price":"1.18"}
{"product_id":"90","quantity":"2","price":"0.7"}
{"product_id":"103","quantity":"1","price":"2.11"}
{"product_id":"125","quantity":"1","price":"3.39"}
{"product_id":"123","quantity":"1","price":"3.4"}
{"product_id":"243","quantity":"1","price":"2.4"}
{"product_id":"359","quantity":"1","price":"2.83"}
{"product_id":"656","quantity":"1","price":"1.2"}
{"product_id":"656","quantity":"1","price":"1.2"}
{"product_id":"1","quantity":"1","price":"1.18"}
{"product_id":"1","quantity":"1","price":"1.18"}
{"product_id":"4","quantity":"1","price":"3"}
{"product_id":"4","quantity":"1","price":"3"}
{"product_id":"5","quantity":"1","price":"2.8"}
{"product_id":"5","quantity":"1","price":"2.8"}
{"product_id":"654","quantity":"1","price":"2.4"}
{"product_id":"654","quantity":"1","price":"2.4"}
{"product_id":"656","quantity":"2","price":"1.2"}
{"product_id":"1","quantity":"1","price":"1.18"}
{"product_id":"165","quantity":"1","price":"3.2"}
{"product_id":"164","quantity":"1","price":"7"}
{"product_id":"167","quantity":"1","price":"12.45"}
{"product_id":"156","quantity":"3","price":"0.57"}
{"product_id":"158","quantity":"2","price":"1.4"}
{"product_id":"157","quantity":"1","price":"1.8"}
{"product_id":"90","quantity":"1","price":"0.7"}
{"product_id":"92","quantity":"1","price":"1.23"}
{"product_id":"93","quantity":"1","price":"1.64"}
{"product_id":"91","quantity":"1","price":"4"}
{"product_id":"158","quantity":"1","price":"1.4"}
{"product_id":"157","quantity":"4","price":"1.8"}
{"product_id":"154","quantity":"1","price":"2.9"}
{"product_id":"169","quantity":"1","price":"5.8"}
{"product_id":"173","quantity":"1","price":"2.7"}
{"product_id":"171","quantity":"1","price":"2.08"}
{"product_id":"170","quantity":"1","price":"5.97"}
{"product_id":"172","quantity":"1","price":"8.1"}
{"product_id":"253","quantity":"1","price":"4.69"}
{"product_id":"252","quantity":"1","price":"5.2"}
{"product_id":"298","quantity":"1","price":"10"}
{"product_id":"295","quantity":"1","price":"18.8"}
{"product_id":"296","quantity":"1","price":"22.4"}
{"product_id":"98","quantity":"1","price":"0.77"}
{"product_id":"295","quantity":"1","price":"18.8"}
{"product_id":"296","quantity":"1","price":"22.4"}
{"product_id":"297","quantity":"1","price":"24.9"}
{"product_id":"136","quantity":"1","price":"0.66"}
{"product_id":"141","quantity":"2","price":"2.6"}
{"product_id":"142","quantity":"1","price":"2.18"}
{"product_id":"265","quantity":"1","price":"1.88"}
{"product_id":"259","quantity":"3","price":"4.44"}
{"product_id":"158","quantity":"1","price":"1.4"}
{"product_id":"157","quantity":"1","price":"1.8"}
{"product_id":"154","quantity":"1","price":"2.9"}
